2024-10-07 23:24:59,172 INFO o.s.b.StartupInfoLogger [main] Starting VerveApplication using Java 22.0.2 with PID 20600 (D:\Verve\target\classes started by ADMIN in D:\Verve)
2024-10-07 23:24:59,185 DEBUG o.s.b.StartupInfoLogger [main] Running with Spring Boot v3.3.4, Spring v6.1.13
2024-10-07 23:24:59,189 INFO o.s.b.SpringApplication [main] No active profile set, falling back to 1 default profile: "default"
2024-10-07 23:25:00,811 INFO o.s.b.w.e.t.TomcatWebServer [main] Tomcat initialized with port 8080 (http)
2024-10-07 23:25:00,824 INFO o.a.j.l.DirectJDKLog [main] Initializing ProtocolHandler ["http-nio-8080"]
2024-10-07 23:25:00,828 INFO o.a.j.l.DirectJDKLog [main] Starting service [Tomcat]
2024-10-07 23:25:00,829 INFO o.a.j.l.DirectJDKLog [main] Starting Servlet engine: [Apache Tomcat/10.1.30]
2024-10-07 23:25:00,881 INFO o.a.j.l.DirectJDKLog [main] Initializing Spring embedded WebApplicationContext
2024-10-07 23:25:00,882 INFO o.s.b.w.s.c.ServletWebServerApplicationContext [main] Root WebApplicationContext: initialization completed in 1607 ms
2024-10-07 23:25:01,873 INFO o.s.b.a.e.w.EndpointLinksResolver [main] Exposing 1 endpoint beneath base path '/actuator'
2024-10-07 23:25:01,983 INFO o.a.j.l.DirectJDKLog [main] Starting ProtocolHandler ["http-nio-8080"]
2024-10-07 23:25:02,005 INFO o.s.b.w.e.t.TomcatWebServer [main] Tomcat started on port 8080 (http) with context path '/'
2024-10-07 23:25:02,027 INFO o.s.b.StartupInfoLogger [main] Started VerveApplication in 3.336 seconds (process running for 4.606)
2024-10-07 23:25:25,527 INFO o.a.j.l.DirectJDKLog [http-nio-8080-exec-2] Initializing Spring DispatcherServlet 'dispatcherServlet'
2024-10-07 23:25:25,528 INFO o.s.w.s.FrameworkServlet [http-nio-8080-exec-2] Initializing Servlet 'dispatcherServlet'
2024-10-07 23:25:25,530 INFO o.s.w.s.FrameworkServlet [http-nio-8080-exec-2] Completed initialization in 1 ms
2024-10-07 23:25:25,570 INFO c.a.V.H.VerveMetricFilter [http-nio-8080-exec-2] id:2
2024-10-07 23:25:25,610 INFO c.a.V.C.VerveController [http-nio-8080-exec-2] *** Inside the acceptRequest Method***
2024-10-07 23:25:26,241 INFO c.a.V.S.I.VerveServiceImpl [http-nio-8080-exec-2] Endpoint Response Status: 200 OK
2024-10-07 23:26:01,005 INFO c.a.V.S.I.VerveMetricServiceImpl [scheduling-1] Count Of Unique Requests in current minute are :
2024-10-07 23:26:01,006 INFO c.a.V.S.I.VerveMetricServiceImpl [scheduling-1] 	id: 2 	Count: 1
2024-10-07 23:26:01,044 INFO o.a.k.c.c.AbstractConfig [scheduling-1] ProducerConfig values: 
	acks = -1
	auto.include.jmx.reporter = true
	batch.size = 16384
	bootstrap.servers = [localhost:9092]
	buffer.memory = 33554432
	client.dns.lookup = use_all_dns_ips
	client.id = Verve-producer-1
	compression.type = none
	connections.max.idle.ms = 540000
	delivery.timeout.ms = 120000
	enable.idempotence = true
	enable.metrics.push = true
	interceptor.classes = []
	key.serializer = class org.apache.kafka.common.serialization.StringSerializer
	linger.ms = 0
	max.block.ms = 60000
	max.in.flight.requests.per.connection = 5
	max.request.size = 1048576
	metadata.max.age.ms = 300000
	metadata.max.idle.ms = 300000
	metric.reporters = []
	metrics.num.samples = 2
	metrics.recording.level = INFO
	metrics.sample.window.ms = 30000
	partitioner.adaptive.partitioning.enable = true
	partitioner.availability.timeout.ms = 0
	partitioner.class = null
	partitioner.ignore.keys = false
	receive.buffer.bytes = 32768
	reconnect.backoff.max.ms = 1000
	reconnect.backoff.ms = 50
	request.timeout.ms = 30000
	retries = 2147483647
	retry.backoff.max.ms = 1000
	retry.backoff.ms = 100
	sasl.client.callback.handler.class = null
	sasl.jaas.config = null
	sasl.kerberos.kinit.cmd = /usr/bin/kinit
	sasl.kerberos.min.time.before.relogin = 60000
	sasl.kerberos.service.name = null
	sasl.kerberos.ticket.renew.jitter = 0.05
	sasl.kerberos.ticket.renew.window.factor = 0.8
	sasl.login.callback.handler.class = null
	sasl.login.class = null
	sasl.login.connect.timeout.ms = null
	sasl.login.read.timeout.ms = null
	sasl.login.refresh.buffer.seconds = 300
	sasl.login.refresh.min.period.seconds = 60
	sasl.login.refresh.window.factor = 0.8
	sasl.login.refresh.window.jitter = 0.05
	sasl.login.retry.backoff.max.ms = 10000
	sasl.login.retry.backoff.ms = 100
	sasl.mechanism = GSSAPI
	sasl.oauthbearer.clock.skew.seconds = 30
	sasl.oauthbearer.expected.audience = null
	sasl.oauthbearer.expected.issuer = null
	sasl.oauthbearer.jwks.endpoint.refresh.ms = 3600000
	sasl.oauthbearer.jwks.endpoint.retry.backoff.max.ms = 10000
	sasl.oauthbearer.jwks.endpoint.retry.backoff.ms = 100
	sasl.oauthbearer.jwks.endpoint.url = null
	sasl.oauthbearer.scope.claim.name = scope
	sasl.oauthbearer.sub.claim.name = sub
	sasl.oauthbearer.token.endpoint.url = null
	security.protocol = PLAINTEXT
	security.providers = null
	send.buffer.bytes = 131072
	socket.connection.setup.timeout.max.ms = 30000
	socket.connection.setup.timeout.ms = 10000
	ssl.cipher.suites = null
	ssl.enabled.protocols = [TLSv1.2, TLSv1.3]
	ssl.endpoint.identification.algorithm = https
	ssl.engine.factory.class = null
	ssl.key.password = null
	ssl.keymanager.algorithm = SunX509
	ssl.keystore.certificate.chain = null
	ssl.keystore.key = null
	ssl.keystore.location = null
	ssl.keystore.password = null
	ssl.keystore.type = JKS
	ssl.protocol = TLSv1.3
	ssl.provider = null
	ssl.secure.random.implementation = null
	ssl.trustmanager.algorithm = PKIX
	ssl.truststore.certificates = null
	ssl.truststore.location = null
	ssl.truststore.password = null
	ssl.truststore.type = JKS
	transaction.timeout.ms = 60000
	transactional.id = null
	value.serializer = class org.apache.kafka.common.serialization.StringSerializer

2024-10-07 23:26:01,093 INFO o.a.k.c.t.i.KafkaMetricsCollector$StateLedger [scheduling-1] initializing Kafka metrics collector
2024-10-07 23:26:01,109 INFO o.a.k.c.p.KafkaProducer [scheduling-1] [Producer clientId=Verve-producer-1] Instantiated an idempotent producer.
2024-10-07 23:26:01,176 INFO o.a.k.c.u.AppInfoParser$AppInfo [scheduling-1] Kafka version: 3.7.1
2024-10-07 23:26:01,176 INFO o.a.k.c.u.AppInfoParser$AppInfo [scheduling-1] Kafka commitId: e2494e6ffb89f828
2024-10-07 23:26:01,177 INFO o.a.k.c.u.AppInfoParser$AppInfo [scheduling-1] Kafka startTimeMs: 1728323761171
2024-10-07 23:26:01,641 INFO o.a.k.c.Metadata [kafka-producer-network-thread | Verve-producer-1] [Producer clientId=Verve-producer-1] Cluster ID: G-gCelo0QNqn7fixWmhE_w
2024-10-07 23:26:01,642 INFO o.a.k.c.p.i.TransactionManager [kafka-producer-network-thread | Verve-producer-1] [Producer clientId=Verve-producer-1] ProducerId set to 4 with epoch 0
