2024-10-07 21:22:20,052 INFO o.s.b.StartupInfoLogger [main] Starting VerveApplication using Java 22.0.2 with PID 7676 (D:\Verve\target\classes started by ADMIN in D:\Verve)
2024-10-07 21:22:20,062 DEBUG o.s.b.StartupInfoLogger [main] Running with Spring Boot v3.3.4, Spring v6.1.13
2024-10-07 21:22:20,064 INFO o.s.b.SpringApplication [main] No active profile set, falling back to 1 default profile: "default"
2024-10-07 21:22:21,642 INFO o.s.b.w.e.t.TomcatWebServer [main] Tomcat initialized with port 8080 (http)
2024-10-07 21:22:21,654 INFO o.a.j.l.DirectJDKLog [main] Initializing ProtocolHandler ["http-nio-8080"]
2024-10-07 21:22:21,658 INFO o.a.j.l.DirectJDKLog [main] Starting service [Tomcat]
2024-10-07 21:22:21,659 INFO o.a.j.l.DirectJDKLog [main] Starting Servlet engine: [Apache Tomcat/10.1.30]
2024-10-07 21:22:21,710 INFO o.a.j.l.DirectJDKLog [main] Initializing Spring embedded WebApplicationContext
2024-10-07 21:22:21,713 INFO o.s.b.w.s.c.ServletWebServerApplicationContext [main] Root WebApplicationContext: initialization completed in 1568 ms
2024-10-07 21:22:22,649 INFO o.s.b.a.e.w.EndpointLinksResolver [main] Exposing 1 endpoint beneath base path '/actuator'
2024-10-07 21:22:22,710 INFO o.a.j.l.DirectJDKLog [main] Starting ProtocolHandler ["http-nio-8080"]
2024-10-07 21:22:22,743 INFO o.s.b.w.e.t.TomcatWebServer [main] Tomcat started on port 8080 (http) with context path '/'
2024-10-07 21:22:22,765 INFO o.s.b.StartupInfoLogger [main] Started VerveApplication in 3.161 seconds (process running for 4.617)
2024-10-07 21:22:24,351 INFO o.a.j.l.DirectJDKLog [http-nio-8080-exec-2] Initializing Spring DispatcherServlet 'dispatcherServlet'
2024-10-07 21:22:24,352 INFO o.s.w.s.FrameworkServlet [http-nio-8080-exec-2] Initializing Servlet 'dispatcherServlet'
2024-10-07 21:22:24,353 INFO o.s.w.s.FrameworkServlet [http-nio-8080-exec-2] Completed initialization in 1 ms
2024-10-07 21:22:24,402 INFO c.a.V.H.VerveMetricFilter [http-nio-8080-exec-2] id:2
2024-10-07 21:22:24,454 INFO c.a.V.C.VerveController [http-nio-8080-exec-2] *** Inside the acceptRequest Method***
2024-10-07 21:22:25,686 INFO c.a.V.S.I.VerveServiceImpl [http-nio-8080-exec-2] Endpoint Response Status: 200 OK
2024-10-07 21:23:01,012 INFO c.a.V.S.I.VerveMetricServiceImpl [scheduling-1] Count Of Unique Requests in current minute are :
2024-10-07 21:23:01,013 INFO c.a.V.S.I.VerveMetricServiceImpl [scheduling-1] 	id: 2 	Count: 1
2024-10-07 21:24:01,009 INFO c.a.V.S.I.VerveMetricServiceImpl [scheduling-1] Count Of Unique Requests in current minute are :
2024-10-07 21:25:01,011 INFO c.a.V.S.I.VerveMetricServiceImpl [scheduling-1] Count Of Unique Requests in current minute are :
2024-10-07 21:26:01,003 INFO c.a.V.S.I.VerveMetricServiceImpl [scheduling-1] Count Of Unique Requests in current minute are :
2024-10-07 21:26:05,749 INFO c.a.V.H.VerveMetricFilter [http-nio-8080-exec-5] id:2
2024-10-07 21:26:05,750 INFO c.a.V.C.VerveController [http-nio-8080-exec-5] *** Inside the acceptRequest Method***
2024-10-07 21:26:06,414 INFO c.a.V.S.I.VerveServiceImpl [http-nio-8080-exec-5] Endpoint Response Status: 200 OK
2024-10-07 21:26:42,322 INFO c.a.V.H.VerveMetricFilter [http-nio-8080-exec-7] id:3
2024-10-07 21:26:42,323 INFO c.a.V.C.VerveController [http-nio-8080-exec-7] *** Inside the acceptRequest Method***
2024-10-07 21:26:42,946 INFO c.a.V.S.I.VerveServiceImpl [http-nio-8080-exec-7] Error while extracting response for type [class java.lang.Object] and content type [text/html;charset=ISO-8859-1]
2024-10-07 21:26:42,948 INFO c.a.V.S.I.VerveServiceImpl [http-nio-8080-exec-7] Application Could not process the response for id: 3 and endpoint: https://google.com
2024-10-07 21:26:42,948 INFO c.a.V.C.VerveController [http-nio-8080-exec-7] Unable to parse the request body
2024-10-07 21:27:01,007 INFO c.a.V.S.I.VerveMetricServiceImpl [scheduling-1] Count Of Unique Requests in current minute are :
2024-10-07 21:27:01,007 INFO c.a.V.S.I.VerveMetricServiceImpl [scheduling-1] 	id: 2 	Count: 1
2024-10-07 21:27:01,007 INFO c.a.V.S.I.VerveMetricServiceImpl [scheduling-1] 	id: 3 	Count: 1
2024-10-07 21:27:04,314 INFO c.a.V.H.VerveMetricFilter [http-nio-8080-exec-6] id:3
2024-10-07 21:27:04,315 INFO c.a.V.C.VerveController [http-nio-8080-exec-6] *** Inside the acceptRequest Method***
2024-10-07 21:27:04,513 INFO c.a.V.S.I.VerveServiceImpl [http-nio-8080-exec-6] Error while extracting response for type [class java.lang.Object] and content type [text/html;charset=ISO-8859-1]
2024-10-07 21:27:04,513 INFO c.a.V.S.I.VerveServiceImpl [http-nio-8080-exec-6] Application Could not process the response for id: 3 and endpoint: https://www.google.com
2024-10-07 21:27:04,513 INFO c.a.V.C.VerveController [http-nio-8080-exec-6] Unable to parse the request body
2024-10-07 21:27:16,035 INFO c.a.V.H.VerveMetricFilter [http-nio-8080-exec-8] id:3
2024-10-07 21:27:16,039 INFO c.a.V.C.VerveController [http-nio-8080-exec-8] *** Inside the acceptRequest Method***
2024-10-07 21:27:16,040 INFO c.a.V.C.VerveController [http-nio-8080-exec-8] Unable to parse the request body
2024-10-07 21:27:24,747 INFO c.a.V.H.VerveMetricFilter [http-nio-8080-exec-9] id:3
2024-10-07 21:27:24,750 INFO c.a.V.C.VerveController [http-nio-8080-exec-9] *** Inside the acceptRequest Method***
2024-10-07 21:27:24,750 INFO c.a.V.C.VerveController [http-nio-8080-exec-9] Unable to parse the request body
2024-10-07 21:28:01,000 INFO c.a.V.S.I.VerveMetricServiceImpl [scheduling-1] Count Of Unique Requests in current minute are :
2024-10-07 21:28:01,000 INFO c.a.V.S.I.VerveMetricServiceImpl [scheduling-1] 	id: 3 	Count: 3
2024-10-07 21:29:01,015 INFO c.a.V.S.I.VerveMetricServiceImpl [scheduling-1] Count Of Unique Requests in current minute are :
2024-10-07 21:30:01,005 INFO c.a.V.S.I.VerveMetricServiceImpl [scheduling-1] Count Of Unique Requests in current minute are :
2024-10-07 21:31:01,006 INFO c.a.V.S.I.VerveMetricServiceImpl [scheduling-1] Count Of Unique Requests in current minute are :
2024-10-07 21:32:01,007 INFO c.a.V.S.I.VerveMetricServiceImpl [scheduling-1] Count Of Unique Requests in current minute are :
2024-10-07 21:33:01,008 INFO c.a.V.S.I.VerveMetricServiceImpl [scheduling-1] Count Of Unique Requests in current minute are :
2024-10-07 21:34:01,009 INFO c.a.V.S.I.VerveMetricServiceImpl [scheduling-1] Count Of Unique Requests in current minute are :
2024-10-07 21:35:01,010 INFO c.a.V.S.I.VerveMetricServiceImpl [scheduling-1] Count Of Unique Requests in current minute are :
2024-10-07 21:36:01,004 INFO c.a.V.S.I.VerveMetricServiceImpl [scheduling-1] Count Of Unique Requests in current minute are :
2024-10-07 21:37:01,001 INFO c.a.V.S.I.VerveMetricServiceImpl [scheduling-1] Count Of Unique Requests in current minute are :
2024-10-07 21:38:01,013 INFO c.a.V.S.I.VerveMetricServiceImpl [scheduling-1] Count Of Unique Requests in current minute are :
2024-10-07 21:39:01,010 INFO c.a.V.S.I.VerveMetricServiceImpl [scheduling-1] Count Of Unique Requests in current minute are :
2024-10-07 21:40:01,007 INFO c.a.V.S.I.VerveMetricServiceImpl [scheduling-1] Count Of Unique Requests in current minute are :
2024-10-07 21:41:01,004 INFO c.a.V.S.I.VerveMetricServiceImpl [scheduling-1] Count Of Unique Requests in current minute are :
2024-10-07 21:42:01,007 INFO c.a.V.S.I.VerveMetricServiceImpl [scheduling-1] Count Of Unique Requests in current minute are :
2024-10-07 21:43:01,010 INFO c.a.V.S.I.VerveMetricServiceImpl [scheduling-1] Count Of Unique Requests in current minute are :
2024-10-07 21:44:01,012 INFO c.a.V.S.I.VerveMetricServiceImpl [scheduling-1] Count Of Unique Requests in current minute are :
2024-10-07 21:45:01,005 INFO c.a.V.S.I.VerveMetricServiceImpl [scheduling-1] Count Of Unique Requests in current minute are :
2024-10-07 21:46:01,004 INFO c.a.V.S.I.VerveMetricServiceImpl [scheduling-1] Count Of Unique Requests in current minute are :
2024-10-07 21:47:01,016 INFO c.a.V.S.I.VerveMetricServiceImpl [scheduling-1] Count Of Unique Requests in current minute are :
2024-10-07 21:48:01,003 INFO c.a.V.S.I.VerveMetricServiceImpl [scheduling-1] Count Of Unique Requests in current minute are :
2024-10-07 21:49:01,017 INFO c.a.V.S.I.VerveMetricServiceImpl [scheduling-1] Count Of Unique Requests in current minute are :
2024-10-07 21:50:01,016 INFO c.a.V.S.I.VerveMetricServiceImpl [scheduling-1] Count Of Unique Requests in current minute are :
2024-10-07 21:51:01,004 INFO c.a.V.S.I.VerveMetricServiceImpl [scheduling-1] Count Of Unique Requests in current minute are :
2024-10-07 21:52:01,018 INFO c.a.V.S.I.VerveMetricServiceImpl [scheduling-1] Count Of Unique Requests in current minute are :
2024-10-07 21:53:01,010 INFO c.a.V.S.I.VerveMetricServiceImpl [scheduling-1] Count Of Unique Requests in current minute are :
2024-10-07 21:54:01,721 INFO c.a.V.S.I.VerveMetricServiceImpl [scheduling-1] Count Of Unique Requests in current minute are :
2024-10-07 21:55:01,013 INFO c.a.V.S.I.VerveMetricServiceImpl [scheduling-1] Count Of Unique Requests in current minute are :
2024-10-07 21:56:01,005 INFO c.a.V.S.I.VerveMetricServiceImpl [scheduling-1] Count Of Unique Requests in current minute are :
2024-10-07 21:57:01,015 INFO c.a.V.S.I.VerveMetricServiceImpl [scheduling-1] Count Of Unique Requests in current minute are :
2024-10-07 21:58:01,011 INFO c.a.V.S.I.VerveMetricServiceImpl [scheduling-1] Count Of Unique Requests in current minute are :
2024-10-07 21:59:01,007 INFO c.a.V.S.I.VerveMetricServiceImpl [scheduling-1] Count Of Unique Requests in current minute are :
2024-10-07 22:00:00,058 INFO c.a.V.S.I.VerveMetricServiceImpl [scheduling-1] TimeMap cleanup
2024-10-07 22:00:00,279 ERROR o.s.s.s.TaskUtils$LoggingErrorHandler [scheduling-1] Unexpected error occurred in scheduled task
java.lang.IllegalArgumentException: Cannot format given Object as a Date
	at java.base/java.text.DateFormat.format(DateFormat.java:346) ~[?:?]
	at java.base/java.text.Format.format(Format.java:160) ~[?:?]
	at com.assignment.Verve.Service.Impl.VerveMetricServiceImpl.cleanup(VerveMetricServiceImpl.java:58) ~[classes/:?]
	at java.base/jdk.internal.reflect.DirectMethodHandleAccessor.invoke(DirectMethodHandleAccessor.java:103) ~[?:?]
	at java.base/java.lang.reflect.Method.invoke(Method.java:580) ~[?:?]
	at org.springframework.scheduling.support.ScheduledMethodRunnable.runInternal(ScheduledMethodRunnable.java:130) ~[spring-context-6.1.13.jar:6.1.13]
	at org.springframework.scheduling.support.ScheduledMethodRunnable.lambda$run$2(ScheduledMethodRunnable.java:124) ~[spring-context-6.1.13.jar:6.1.13]
	at io.micrometer.observation.Observation.observe(Observation.java:499) ~[micrometer-observation-1.13.4.jar:1.13.4]
	at org.springframework.scheduling.support.ScheduledMethodRunnable.run(ScheduledMethodRunnable.java:124) ~[spring-context-6.1.13.jar:6.1.13]
	at org.springframework.scheduling.support.DelegatingErrorHandlingRunnable.run(DelegatingErrorHandlingRunnable.java:54) ~[spring-context-6.1.13.jar:6.1.13]
	at org.springframework.scheduling.concurrent.ReschedulingRunnable.run(ReschedulingRunnable.java:96) ~[spring-context-6.1.13.jar:6.1.13]
	at java.base/java.util.concurrent.Executors$RunnableAdapter.call(Executors.java:572) ~[?:?]
	at java.base/java.util.concurrent.FutureTask.run$$$capture(FutureTask.java:317) ~[?:?]
	at java.base/java.util.concurrent.FutureTask.run(FutureTask.java) ~[?:?]
	at java.base/java.util.concurrent.ScheduledThreadPoolExecutor$ScheduledFutureTask.run(ScheduledThreadPoolExecutor.java:304) ~[?:?]
	at java.base/java.util.concurrent.ThreadPoolExecutor.runWorker(ThreadPoolExecutor.java:1144) ~[?:?]
	at java.base/java.util.concurrent.ThreadPoolExecutor$Worker.run(ThreadPoolExecutor.java:642) ~[?:?]
	at java.base/java.lang.Thread.run(Thread.java:1570) [?:?]
2024-10-07 22:00:01,011 INFO c.a.V.S.I.VerveMetricServiceImpl [scheduling-1] Count Of Unique Requests in current minute are :
2024-10-07 22:01:01,024 INFO c.a.V.S.I.VerveMetricServiceImpl [scheduling-1] Count Of Unique Requests in current minute are :
2024-10-07 22:02:01,003 INFO c.a.V.S.I.VerveMetricServiceImpl [scheduling-1] Count Of Unique Requests in current minute are :
2024-10-07 22:03:01,015 INFO c.a.V.S.I.VerveMetricServiceImpl [scheduling-1] Count Of Unique Requests in current minute are :
2024-10-07 22:04:01,007 INFO c.a.V.S.I.VerveMetricServiceImpl [scheduling-1] Count Of Unique Requests in current minute are :
2024-10-07 22:05:01,004 INFO c.a.V.S.I.VerveMetricServiceImpl [scheduling-1] Count Of Unique Requests in current minute are :
2024-10-07 22:06:01,010 INFO c.a.V.S.I.VerveMetricServiceImpl [scheduling-1] Count Of Unique Requests in current minute are :
2024-10-07 22:07:01,007 INFO c.a.V.S.I.VerveMetricServiceImpl [scheduling-1] Count Of Unique Requests in current minute are :
2024-10-07 22:08:01,014 INFO c.a.V.S.I.VerveMetricServiceImpl [scheduling-1] Count Of Unique Requests in current minute are :
2024-10-07 22:09:01,004 INFO c.a.V.S.I.VerveMetricServiceImpl [scheduling-1] Count Of Unique Requests in current minute are :
2024-10-07 22:10:01,009 INFO c.a.V.S.I.VerveMetricServiceImpl [scheduling-1] Count Of Unique Requests in current minute are :
2024-10-07 22:11:01,015 INFO c.a.V.S.I.VerveMetricServiceImpl [scheduling-1] Count Of Unique Requests in current minute are :
